<?xml version="1.0" encoding="UTF-8"?>
<testng-results total="1" passed="1" failed="0" skipped="0">
  <reporter-output>
  </reporter-output>
  <suite started-at="2022-08-15T13:54:57Z" name="TestNgMavenExampleSuite" finished-at="2022-08-15T13:55:02Z" duration-ms="5434">
    <groups>
    </groups>
    <test started-at="2022-08-15T13:54:57Z" name="TestNgMavenTest" finished-at="2022-08-15T13:55:02Z" duration-ms="5434">
      <class name="tests.AddToCart">
        <test-method is-config="true" signature="setUpEnvironment()[pri:0, instance:tests.AddToCart@5d58c727]" started-at="2022-08-15T15:54:51Z" name="setUpEnvironment" finished-at="2022-08-15T15:54:57Z" duration-ms="5865" status="PASS">
          <reporter-output>
          </reporter-output>
        </test-method> <!-- setUpEnvironment -->
        <test-method signature="checkAddToCart()[pri:0, instance:tests.AddToCart@5d58c727]" started-at="2022-08-15T15:54:57Z" name="checkAddToCart" description="verify add to cart flow" finished-at="2022-08-15T15:55:02Z" duration-ms="5269" status="PASS">
          <reporter-output>
          </reporter-output>
        </test-method> <!-- checkAddToCart -->
        <test-method is-config="true" signature="tearDown()[pri:0, instance:tests.AddToCart@5d58c727]" started-at="2022-08-15T15:55:03Z" name="tearDown" finished-at="2022-08-15T15:55:03Z" duration-ms="311" status="PASS">
          <reporter-output>
          </reporter-output>
        </test-method> <!-- tearDown -->
      </class> <!-- tests.AddToCart -->
    </test> <!-- TestNgMavenTest -->
  </suite> <!-- TestNgMavenExampleSuite -->
</testng-results>
