<?xml version="1.0" encoding="UTF-8"?>
<testng-results total="1" passed="1" failed="0" skipped="0">
  <reporter-output>
  </reporter-output>
  <suite started-at="2022-08-14T20:31:06Z" name="TestNgMavenExampleSuite" finished-at="2022-08-14T20:31:11Z" duration-ms="5177">
    <groups>
    </groups>
    <test started-at="2022-08-14T20:31:06Z" name="TestNgMavenTest" finished-at="2022-08-14T20:31:11Z" duration-ms="5177">
      <class name="tests.AddToCart">
        <test-method is-config="true" signature="setUpEnvironment()[pri:0, instance:tests.AddToCart@510f3d34]" started-at="2022-08-14T22:31:01Z" name="setUpEnvironment" finished-at="2022-08-14T22:31:06Z" duration-ms="4779" status="PASS">
          <reporter-output>
          </reporter-output>
        </test-method> <!-- setUpEnvironment -->
        <test-method signature="checkAddToCart()[pri:0, instance:tests.AddToCart@510f3d34]" started-at="2022-08-14T22:31:06Z" name="checkAddToCart" finished-at="2022-08-14T22:31:11Z" duration-ms="5167" status="PASS">
          <reporter-output>
          </reporter-output>
        </test-method> <!-- checkAddToCart -->
        <test-method is-config="true" signature="tearDown()[pri:0, instance:tests.AddToCart@510f3d34]" started-at="2022-08-14T22:31:11Z" name="tearDown" finished-at="2022-08-14T22:31:11Z" duration-ms="299" status="PASS">
          <reporter-output>
          </reporter-output>
        </test-method> <!-- tearDown -->
      </class> <!-- tests.AddToCart -->
    </test> <!-- TestNgMavenTest -->
  </suite> <!-- TestNgMavenExampleSuite -->
</testng-results>
